15:24:56.234 [main] INFO  org.testng.internal.Utils - [TestNG] Running:
  /Users/monk/Library/Caches/JetBrains/IdeaIC2024.3/temp-testng-customsuite.xml

15:24:59.077 [main] INFO  c.internet.herokuapp.tests.TestBase - Start test: uploadFile
15:24:59.082 [main] INFO  c.i.herokuapp.pages.utils.MyListener - The locator will find By.cssSelector: [href='/upload']
15:24:59.082 [main] INFO  c.i.herokuapp.pages.utils.MyListener - *************************************************
15:24:59.091 [main] INFO  c.i.herokuapp.pages.utils.MyListener - The locator is By.cssSelector: [href='/upload']
15:24:59.091 [main] INFO  c.i.herokuapp.pages.utils.MyListener - *************************************************
15:24:59.368 [main] INFO  c.i.herokuapp.pages.utils.MyListener - The locator will find By.id: file-upload
15:24:59.368 [main] INFO  c.i.herokuapp.pages.utils.MyListener - *************************************************
15:24:59.381 [main] INFO  c.i.herokuapp.pages.utils.MyListener - The locator is By.id: file-upload
15:24:59.381 [main] INFO  c.i.herokuapp.pages.utils.MyListener - *************************************************
15:24:59.398 [main] INFO  c.i.herokuapp.pages.utils.MyListener - The locator will find By.id: file-submit
15:24:59.398 [main] INFO  c.i.herokuapp.pages.utils.MyListener - *************************************************
15:24:59.406 [main] INFO  c.i.herokuapp.pages.utils.MyListener - The locator is By.id: file-submit
15:24:59.406 [main] INFO  c.i.herokuapp.pages.utils.MyListener - *************************************************
15:24:59.684 [main] INFO  c.i.herokuapp.pages.utils.MyListener - The locator will find By.id: uploaded-file
15:24:59.684 [main] INFO  c.i.herokuapp.pages.utils.MyListener - *************************************************
15:25:09.713 [main] INFO  c.i.herokuapp.pages.utils.MyListener - The test has a problem
15:25:09.713 [main] INFO  c.i.herokuapp.pages.utils.MyListener - *************************************************
15:25:09.713 [main] INFO  c.i.herokuapp.pages.utils.MyListener - Method --> findElement
15:25:09.713 [main] INFO  c.i.herokuapp.pages.utils.MyListener - *************************************************
15:25:09.713 [main] INFO  c.i.herokuapp.pages.utils.MyListener - Target exception --> org.openqa.selenium.NoSuchElementException: no such element: Unable to locate element: {"method":"css selector","selector":"#uploaded\-file"}
  (Session info: chrome=131.0.6778.109)
For documentation on this error, please visit: https://www.selenium.dev/documentation/webdriver/troubleshooting/errors#no-such-element-exception
Build info: version: '4.27.0', revision: 'd6e718d134'
System info: os.name: 'Mac OS X', os.arch: 'aarch64', os.version: '15.1.1', java.version: '17'
Driver info: org.openqa.selenium.chrome.ChromeDriver
Command: [b461338fdc5121a4b3355919e7270d35, findElement {value=uploaded-file, using=id}]
Capabilities {acceptInsecureCerts: false, browserName: chrome, browserVersion: 131.0.6778.109, chrome: {chromedriverVersion: 131.0.6778.69 (77e2244bbcda..., userDataDir: /var/folders/2p/tt8xd5011ln...}, fedcm:accounts: true, goog:chromeOptions: {debuggerAddress: localhost:61915}, networkConnectionEnabled: false, pageLoadStrategy: normal, platformName: mac, proxy: Proxy(), se:cdp: ws://localhost:61915/devtoo..., se:cdpVersion: 131.0.6778.109, setWindowRect: true, strictFileInteractability: false, timeouts: {implicit: 0, pageLoad: 300000, script: 30000}, unhandledPromptBehavior: dismiss and notify, webauthn:extension:credBlob: true, webauthn:extension:largeBlob: true, webauthn:extension:minPinLength: true, webauthn:extension:prf: true, webauthn:virtualAuthenticators: true}
Session ID: b461338fdc5121a4b3355919e7270d35
15:25:09.713 [main] INFO  c.i.herokuapp.pages.utils.MyListener - *************************************************
15:25:09.713 [main] INFO  c.i.herokuapp.pages.utils.MyListener - Object target --> ChromeDriver: chrome on mac (b461338fdc5121a4b3355919e7270d35)
15:25:09.713 [main] INFO  c.i.herokuapp.pages.utils.MyListener - *************************************************
15:25:09.833 [main] ERROR c.internet.herokuapp.tests.TestBase - Test result: FAILED uploadFile
15:25:09.833 [main] INFO  c.internet.herokuapp.tests.TestBase - *************************************************************
